nohup: ignoring input

<!DOCTYPE html>
<html lang="en">
<head>
  <meta charset="utf-8" />
  <meta name="viewport" content="width=device-width, initial-scale=1" />
  <title>Pharma GPS Dashboard</title>
<script defer src="/static/js/bundle.js"></script></head>
<body>
  <div id="root"></div>
</body>
</html>

<!DOCTYPE html>
<html lang="en">
<head>
  <meta charset="utf-8" />
  <meta name="viewport" content="width=device-width, initial-scale=1" />
  <title>Pharma GPS Dashboard</title>
<script defer src="/static/js/bundle.js"></script></head>
<body>
  <div id="root"></div>
</body>
</html>

<!DOCTYPE html>
<html lang="en">
<head>
  <meta charset="utf-8" />
  <meta name="viewport" content="width=device-width, initial-scale=1" />
  <title>Pharma GPS Dashboard</title>
<script defer src="/static/js/bundle.js"></script></head>
<body>
  <div id="root"></div>
</body>
</html>

<!DOCTYPE html>
<html lang="en">
<head>
  <meta charset="utf-8" />
  <meta name="viewport" content="width=device-width, initial-scale=1" />
  <title>Pharma GPS Dashboard</title>
<script defer src="/static/js/bundle.js"></script></head>
<body>
  <div id="root"></div>
</body>
</html>

<!DOCTYPE html>
<html lang="en">
<head>
  <meta charset="utf-8" />
  <meta name="viewport" content="width=device-width, initial-scale=1" />
  <title>Pharma GPS Dashboard</title>
<script defer src="/static/js/bundle.js"></script></head>
<body>
  <div id="root"></div>
</body>
</html>

<!DOCTYPE html>
<html lang="en">
<head>
  <meta charset="utf-8" />
  <meta name="viewport" content="width=device-width, initial-scale=1" />
  <title>Pharma GPS Dashboard</title>
<script defer src="/static/js/bundle.js"></script></head>
<body>
  <div id="root"></div>
</body>
</html>

<!DOCTYPE html>
<html lang="en">
<head>
  <meta charset="utf-8" />
  <meta name="viewport" content="width=device-width, initial-scale=1" />
  <title>Pharma GPS Dashboard</title>
<script defer src="/static/js/bundle.js"></script></head>
<body>
  <div id="root"></div>
</body>
</html>

<!DOCTYPE html>
<html lang="en">
<head>
  <meta charset="utf-8" />
  <meta name="viewport" content="width=device-width, initial-scale=1" />
  <title>Pharma GPS Dashboard</title>
<script defer src="/static/js/bundle.js"></script></head>
<body>
  <div id="root"></div>
</body>
</html>

<!DOCTYPE html>
<html lang="en">
<head>
  <meta charset="utf-8" />
  <meta name="viewport" content="width=device-width, initial-scale=1" />
  <title>Pharma GPS Dashboard</title>
<script defer src="/static/js/bundle.js"></script></head>
<body>
  <div id="root"></div>
</body>
</html>

<!DOCTYPE html>
<html lang="en">
<head>
  <meta charset="utf-8" />
  <meta name="viewport" content="width=device-width, initial-scale=1" />
  <title>Pharma GPS Dashboard</title>
<script defer src="/static/js/bundle.js"></script></head>
<body>
  <div id="root"></div>
</body>
</html>

<!DOCTYPE html>
<html lang="en">
<head>
  <meta charset="utf-8" />
  <meta name="viewport" content="width=device-width, initial-scale=1" />
  <title>Pharma GPS Dashboard</title>
<script defer src="/static/js/bundle.js"></script></head>
<body>
  <div id="root"></div>
</body>
</html>

<!DOCTYPE html>
<html lang="en">
<head>
  <meta charset="utf-8" />
  <meta name="viewport" content="width=device-width, initial-scale=1" />
  <title>Pharma GPS Dashboard</title>
<script defer src="/static/js/bundle.js"></script></head>
<body>
  <div id="root"></div>
</body>
</html>

<!DOCTYPE html>
<html lang="en">
<head>
  <meta charset="utf-8" />
  <meta name="viewport" content="width=device-width, initial-scale=1" />
  <title>Pharma GPS Dashboard</title>
<script defer src="/static/js/bundle.js"></script></head>
<body>
  <div id="root"></div>
</body>
</html>

<!DOCTYPE html>
<html lang="en">
<head>
  <meta charset="utf-8" />
  <meta name="viewport" content="width=device-width, initial-scale=1" />
  <title>Pharma GPS Dashboard</title>
<script defer src="/static/js/bundle.js"></script></head>
<body>
  <div id="root"></div>
</body>
</html>

<!DOCTYPE html>
<html lang="en">
<head>
  <meta charset="utf-8" />
  <meta name="viewport" content="width=device-width, initial-scale=1" />
  <title>Pharma GPS Dashboard</title>
<script defer src="/static/js/bundle.js"></script></head>
<body>
  <div id="root"></div>
</body>
</html>

<!DOCTYPE html>
<html lang="en">
<head>
  <meta charset="utf-8" />
  <meta name="viewport" content="width=device-width, initial-scale=1" />
  <title>Pharma GPS Dashboard</title>
<script defer src="/static/js/bundle.js"></script></head>
<body>
  <div id="root"></div>
</body>
</html>

<!DOCTYPE html>
<html lang="en">
<head>
  <meta charset="utf-8" />
  <meta name="viewport" content="width=device-width, initial-scale=1" />
  <title>Pharma GPS Dashboard</title>
<script defer src="/static/js/bundle.js"></script></head>
<body>
  <div id="root"></div>
</body>
</html>

<!DOCTYPE html>
<html lang="en">
<head>
  <meta charset="utf-8" />
  <meta name="viewport" content="width=device-width, initial-scale=1" />
  <title>Pharma GPS Dashboard</title>
<script defer src="/static/js/bundle.js"></script></head>
<body>
  <div id="root"></div>
</body>
</html>

<!DOCTYPE html>
<html lang="en">
<head>
  <meta charset="utf-8" />
  <meta name="viewport" content="width=device-width, initial-scale=1" />
  <title>Pharma GPS Dashboard</title>
<script defer src="/static/js/bundle.js"></script></head>
<body>
  <div id="root"></div>
</body>
</html>

<!DOCTYPE html>
<html lang="en">
<head>
  <meta charset="utf-8" />
  <meta name="viewport" content="width=device-width, initial-scale=1" />
  <title>Pharma GPS Dashboard</title>
<script defer src="/static/js/bundle.js"></script></head>
<body>
  <div id="root"></div>
</body>
</html>
